<?xml version="1.0" encoding="UTF-8"?>

<mule xmlns:http="http://www.mulesoft.org/schema/mule/http" xmlns="http://www.mulesoft.org/schema/mule/core"
	xmlns:doc="http://www.mulesoft.org/schema/mule/documentation"
	xmlns:xsi="http://www.w3.org/2001/XMLSchema-instance" xsi:schemaLocation="http://www.mulesoft.org/schema/mule/core http://www.mulesoft.org/schema/mule/core/current/mule.xsd
http://www.mulesoft.org/schema/mule/http http://www.mulesoft.org/schema/mule/http/current/mule-http.xsd">
	<http:listener-config name="HTTP_Listener_config" doc:name="HTTP Listener config" doc:id="88bbf222-3a31-4548-a10d-19e177ebf19c" >
		<http:listener-connection host="0.0.0.0" port="8081" />
	</http:listener-config>
	<flow name="test-jenkinsFlow" doc:id="7035f0b8-cb14-4f11-b8bf-b7c682fbe9eb" >
		<http:listener doc:name="Listener" doc:id="f94bc593-d4e9-4722-b863-818841e3a6a0" config-ref="HTTP_Listener_config" path="/test"/>
		<logger level="INFO" doc:name="Logger" doc:id="39718e13-3da8-4dfb-8698-3f80e04c7a7f" message="testing"/>
		<set-payload value="Shubham test Jenkins" doc:name="Set Payload" doc:id="2faf2600-c474-4e6b-8720-349aff3a38aa" />
	</flow>
</mule>
